<?xml version="1.0" encoding="UTF-8"?>
<!-- Generated by org.testng.reporters.JUnitReportReporter -->
<testsuite hostname="DESKTOP-V9K624K" failures="0" tests="4" name="keanu.Tests.AppHeaderSearchTest" time="165.100" errors="0" timestamp="5 Aug 2020 07:19:58 GMT">
  <testcase classname="keanu.Tests.AppHeaderSearchTest" name="createChatRoom" time="51.098"/>
  <testcase classname="keanu.Tests.AppHeaderSearchTest" name="sendingMessagesToFriend" time="41.348"/>
  <testcase classname="keanu.Tests.AppHeaderSearchTest" name="headerSearchOperation" time="26.083"/>
  <testcase classname="keanu.Tests.AppHeaderSearchTest" name="userLogin" time="46.571"/>
</testsuite> <!-- keanu.Tests.AppHeaderSearchTest -->
