<?xml version="1.0" encoding="UTF-8"?>
<!-- Generated by org.testng.reporters.JUnitReportReporter -->
<testsuite hostname="DESKTOP-V9K624K" failures="0" tests="5" name="keanu.Tests.FriendsScreenTest" time="244.144" errors="0" timestamp="31 Jul 2020 12:39:30 GMT">
  <testcase classname="keanu.Tests.FriendsScreenTest" name="deleteNewContact" time="57.676"/>
  <testcase classname="keanu.Tests.FriendsScreenTest" name="chatWithSpecificFriend" time="67.238"/>
  <testcase classname="keanu.Tests.FriendsScreenTest" name="addDeletedContact" time="24.045"/>
  <testcase classname="keanu.Tests.FriendsScreenTest" name="userLogin" time="47.343"/>
  <testcase classname="keanu.Tests.FriendsScreenTest" name="createGroupWithReAddedDeletedContact" time="47.842"/>
</testsuite> <!-- keanu.Tests.FriendsScreenTest -->
