<?xml version="1.0" encoding="UTF-8"?>
<!-- Generated by org.testng.reporters.JUnitReportReporter -->
<testsuite hostname="DESKTOP-V9K624K" failures="0" tests="2" name="keanu.Tests.DiscoverScreenChatGroupTest" time="55.389" errors="0" timestamp="30 Jul 2020 13:12:14 GMT">
  <testcase classname="keanu.Tests.DiscoverScreenChatGroupTest" name="userLogin" time="20.994"/>
  <testcase classname="keanu.Tests.DiscoverScreenChatGroupTest" name="createChatGroup" time="34.395"/>
</testsuite> <!-- keanu.Tests.DiscoverScreenChatGroupTest -->
