<?xml version="1.0" encoding="UTF-8"?>
<!-- Generated by org.testng.reporters.JUnitReportReporter -->
<testsuite hostname="DESKTOP-V9K624K" failures="0" tests="2" name="keanu.Tests.DiscoverScreenShareStickersTest" time="30.552" errors="0" timestamp="28 Jul 2020 11:59:11 GMT">
  <testcase classname="keanu.Tests.DiscoverScreenShareStickersTest" name="userLogin" time="21.030"/>
  <testcase classname="keanu.Tests.DiscoverScreenShareStickersTest" name="checkStickers" time="9.522"/>
</testsuite> <!-- keanu.Tests.DiscoverScreenShareStickersTest -->
