<?xml version="1.0" encoding="UTF-8"?>
<!-- Generated by org.testng.reporters.JUnitReportReporter -->
<testsuite hostname="DESKTOP-V9K624K" failures="0" tests="2" name="keanu.Tests.DiscoverScreenPhotoStreamTest" time="32.143" errors="0" timestamp="28 Jul 2020 11:59:11 GMT">
  <testcase classname="keanu.Tests.DiscoverScreenPhotoStreamTest" name="userLogin" time="21.512"/>
  <testcase classname="keanu.Tests.DiscoverScreenPhotoStreamTest" name="checkPhotoStream" time="10.631"/>
</testsuite> <!-- keanu.Tests.DiscoverScreenPhotoStreamTest -->
