<?xml version="1.0" encoding="UTF-8"?>
<!-- Generated by org.testng.reporters.JUnitReportReporter -->
<testsuite hostname="DESKTOP-V9K624K" failures="0" tests="3" name="keanu.Tests.CreateStoryTest" time="102.499" errors="0" timestamp="28 Jul 2020 13:31:50 GMT">
  <testcase classname="keanu.Tests.CreateStoryTest" name="login" time="20.186"/>
  <testcase classname="keanu.Tests.CreateStoryTest" name="createStoryTest" time="41.530"/>
  <testcase classname="keanu.Tests.CreateStoryTest" name="createGroup" time="40.783"/>
</testsuite> <!-- keanu.Tests.CreateStoryTest -->
