<?xml version="1.0" encoding="UTF-8"?>
<!-- Generated by org.testng.reporters.JUnitReportReporter -->
<testsuite hostname="DESKTOP-V9K624K" failures="0" tests="2" name="keanu.Tests.DiscoverScreenTest" time="47.195" errors="0" timestamp="28 Jul 2020 11:59:11 GMT">
  <testcase classname="keanu.Tests.DiscoverScreenTest" name="verifymoduleAndHeaders" time="25.857"/>
  <testcase classname="keanu.Tests.DiscoverScreenTest" name="userLogin" time="21.338"/>
</testsuite> <!-- keanu.Tests.DiscoverScreenTest -->
