<?xml version="1.0" encoding="UTF-8"?>
<!-- Generated by org.testng.reporters.JUnitReportReporter -->
<testsuite hostname="DESKTOP-V9K624K" failures="0" tests="2" name="keanu.Tests.DiscoverScreenCheckServicesTest" time="29.752" errors="0" timestamp="28 Jul 2020 11:59:11 GMT">
  <testcase classname="keanu.Tests.DiscoverScreenCheckServicesTest" name="checkServices" time="9.368"/>
  <testcase classname="keanu.Tests.DiscoverScreenCheckServicesTest" name="userLogin" time="20.384"/>
</testsuite> <!-- keanu.Tests.DiscoverScreenCheckServicesTest -->
